This file contains any messages produced by compilers while
running configure, to aid debugging if configure makes a mistake.

It was created by configure, which was
generated by GNU Autoconf 2.63.  Invocation command line was

  $ ./configure 

## --------- ##
## Platform. ##
## --------- ##

hostname = gary-urtons-macbook.local
uname -m = i386
uname -r = 10.8.0
uname -s = Darwin
uname -v = Darwin Kernel Version 10.8.0: Tue Jun  7 16:33:36 PDT 2011; root:xnu-1504.15.3~1/RELEASE_I386

/usr/bin/uname -p = i386
/bin/uname -X     = unknown

/bin/arch              = unknown
/usr/bin/arch -k       = unknown
/usr/convex/getsysinfo = unknown
/usr/bin/hostinfo      = Mach kernel version:
	 Darwin Kernel Version 10.8.0: Tue Jun  7 16:33:36 PDT 2011; root:xnu-1504.15.3~1/RELEASE_I386
Kernel configured for up to 2 processors.
2 processors are physically available.
2 processors are logically available.
Processor type: i486 (Intel 80486)
Processors active: 0 1
Primary memory available: 2.00 gigabytes
Default processor set: 104 tasks, 522 threads, 2 processors
Load average: 1.04, Mach factor: 1.09
/bin/machine           = unknown
/usr/bin/oslevel       = unknown
/bin/universe          = unknown

PATH: /opt/local/bin
PATH: /opt/local/sbin
PATH: /usr/bin
PATH: /bin
PATH: /usr/sbin
PATH: /sbin
PATH: /usr/local/bin
PATH: /usr/local/git/bin
PATH: /usr/local/MacGPG2/bin
PATH: /usr/X11/bin
PATH: /usr/local/mysql-5.5.13-osx10.6-x86/bin


## ----------- ##
## Core tests. ##
## ----------- ##

configure:2181: checking for a BSD-compatible install
configure:2249: result: /opt/local/bin/ginstall -c
configure:2260: checking whether build environment is sane
configure:2303: result: yes
configure:2328: checking for a thread-safe mkdir -p
configure:2367: result: /opt/local/bin/gmkdir -p
configure:2380: checking for gawk
configure:2410: result: no
configure:2380: checking for mawk
configure:2410: result: no
configure:2380: checking for nawk
configure:2410: result: no
configure:2380: checking for awk
configure:2396: found /usr/bin/awk
configure:2407: result: awk
configure:2418: checking whether make sets $(MAKE)
configure:2440: result: yes
configure:2624: checking whether to enable maintainer-specific portions of Makefiles
configure:2633: result: no
configure:2661: checking for style of include used by make
configure:2689: result: GNU
configure:2759: checking for gcc
configure:2775: found /usr/bin/gcc
configure:2786: result: gcc
configure:3018: checking for C compiler version
configure:3026: gcc --version >&5
i686-apple-darwin10-gcc-4.2.1 (GCC) 4.2.1 (Apple Inc. build 5664)
Copyright (C) 2007 Free Software Foundation, Inc.
This is free software; see the source for copying conditions.  There is NO
warranty; not even for MERCHANTABILITY or FITNESS FOR A PARTICULAR PURPOSE.

configure:3030: $? = 0
configure:3037: gcc -v >&5
Using built-in specs.
Target: i686-apple-darwin10
Configured with: /var/tmp/gcc/gcc-5664~89/src/configure --disable-checking --enable-werror --prefix=/usr --mandir=/share/man --enable-languages=c,objc,c++,obj-c++ --program-transform-name=/^[cg][^.-]*$/s/$/-4.2/ --with-slibdir=/usr/lib --build=i686-apple-darwin10 --program-prefix=i686-apple-darwin10- --host=x86_64-apple-darwin10 --target=i686-apple-darwin10 --with-gxx-include-dir=/include/c++/4.2.1
Thread model: posix
gcc version 4.2.1 (Apple Inc. build 5664)
configure:3041: $? = 0
configure:3048: gcc -V >&5
gcc-4.2: argument to `-V' is missing
configure:3052: $? = 1
configure:3075: checking for C compiler default output file name
configure:3097: gcc    conftest.c  >&5
configure:3101: $? = 0
configure:3139: result: a.out
configure:3158: checking whether the C compiler works
configure:3168: ./a.out
configure:3172: $? = 0
configure:3191: result: yes
configure:3198: checking whether we are cross compiling
configure:3200: result: no
configure:3203: checking for suffix of executables
configure:3210: gcc -o conftest    conftest.c  >&5
configure:3214: $? = 0
configure:3240: result: 
configure:3246: checking for suffix of object files
configure:3272: gcc -c   conftest.c >&5
configure:3276: $? = 0
configure:3301: result: o
configure:3305: checking whether we are using the GNU C compiler
configure:3334: gcc -c   conftest.c >&5
configure:3341: $? = 0
configure:3358: result: yes
configure:3367: checking whether gcc accepts -g
configure:3397: gcc -c -g  conftest.c >&5
configure:3404: $? = 0
configure:3505: result: yes
configure:3522: checking for gcc option to accept ISO C89
configure:3596: gcc  -c -g -O2  conftest.c >&5
configure:3603: $? = 0
configure:3626: result: none needed
configure:3646: checking dependency style of gcc
configure:3737: result: gcc3
configure:3753: checking for library containing strerror
configure:3794: gcc -o conftest -g -O2   conftest.c  >&5
configure:3801: $? = 0
configure:3832: result: none required
configure:3888: checking for gcc
configure:3915: result: gcc
configure:4147: checking for C compiler version
configure:4155: gcc --version >&5
i686-apple-darwin10-gcc-4.2.1 (GCC) 4.2.1 (Apple Inc. build 5664)
Copyright (C) 2007 Free Software Foundation, Inc.
This is free software; see the source for copying conditions.  There is NO
warranty; not even for MERCHANTABILITY or FITNESS FOR A PARTICULAR PURPOSE.

configure:4159: $? = 0
configure:4166: gcc -v >&5
Using built-in specs.
Target: i686-apple-darwin10
Configured with: /var/tmp/gcc/gcc-5664~89/src/configure --disable-checking --enable-werror --prefix=/usr --mandir=/share/man --enable-languages=c,objc,c++,obj-c++ --program-transform-name=/^[cg][^.-]*$/s/$/-4.2/ --with-slibdir=/usr/lib --build=i686-apple-darwin10 --program-prefix=i686-apple-darwin10- --host=x86_64-apple-darwin10 --target=i686-apple-darwin10 --with-gxx-include-dir=/include/c++/4.2.1
Thread model: posix
gcc version 4.2.1 (Apple Inc. build 5664)
configure:4170: $? = 0
configure:4177: gcc -V >&5
gcc-4.2: argument to `-V' is missing
configure:4181: $? = 1
configure:4184: checking whether we are using the GNU C compiler
configure:4237: result: yes
configure:4246: checking whether gcc accepts -g
configure:4384: result: yes
configure:4401: checking for gcc option to accept ISO C89
configure:4505: result: none needed
configure:4525: checking dependency style of gcc
configure:4616: result: gcc3
configure:4689: checking for g++
configure:4705: found /usr/bin/g++
configure:4716: result: g++
configure:4743: checking for C++ compiler version
configure:4751: g++ --version >&5
i686-apple-darwin10-g++-4.2.1 (GCC) 4.2.1 (Apple Inc. build 5664)
Copyright (C) 2007 Free Software Foundation, Inc.
This is free software; see the source for copying conditions.  There is NO
warranty; not even for MERCHANTABILITY or FITNESS FOR A PARTICULAR PURPOSE.

configure:4755: $? = 0
configure:4762: g++ -v >&5
Using built-in specs.
Target: i686-apple-darwin10
Configured with: /var/tmp/gcc/gcc-5664~89/src/configure --disable-checking --enable-werror --prefix=/usr --mandir=/share/man --enable-languages=c,objc,c++,obj-c++ --program-transform-name=/^[cg][^.-]*$/s/$/-4.2/ --with-slibdir=/usr/lib --build=i686-apple-darwin10 --program-prefix=i686-apple-darwin10- --host=x86_64-apple-darwin10 --target=i686-apple-darwin10 --with-gxx-include-dir=/include/c++/4.2.1
Thread model: posix
gcc version 4.2.1 (Apple Inc. build 5664)
configure:4766: $? = 0
configure:4773: g++ -V >&5
g++-4.2: argument to `-V' is missing
configure:4777: $? = 1
configure:4780: checking whether we are using the GNU C++ compiler
configure:4809: g++ -c   conftest.cpp >&5
configure:4816: $? = 0
configure:4833: result: yes
configure:4842: checking whether g++ accepts -g
configure:4872: g++ -c -g  conftest.cpp >&5
configure:4879: $? = 0
configure:4980: result: yes
configure:5005: checking dependency style of g++
configure:5096: result: gcc3
configure:5116: checking how to run the C preprocessor
configure:5156: gcc -E  conftest.c
configure:5163: $? = 0
configure:5194: gcc -E  conftest.c
conftest.c:10:28: error: ac_nonexistent.h: No such file or directory
configure:5201: $? = 1
configure: failed program was:
| /* confdefs.h.  */
| #define PACKAGE_NAME ""
| #define PACKAGE_TARNAME ""
| #define PACKAGE_VERSION ""
| #define PACKAGE_STRING ""
| #define PACKAGE_BUGREPORT ""
| #define PACKAGE "link-grammar"
| #define VERSION "4.7.0"
| /* end confdefs.h.  */
| #include <ac_nonexistent.h>
configure:5234: result: gcc -E
configure:5263: gcc -E  conftest.c
configure:5270: $? = 0
configure:5301: gcc -E  conftest.c
conftest.c:10:28: error: ac_nonexistent.h: No such file or directory
configure:5308: $? = 1
configure: failed program was:
| /* confdefs.h.  */
| #define PACKAGE_NAME ""
| #define PACKAGE_TARNAME ""
| #define PACKAGE_VERSION ""
| #define PACKAGE_STRING ""
| #define PACKAGE_BUGREPORT ""
| #define PACKAGE "link-grammar"
| #define VERSION "4.7.0"
| /* end confdefs.h.  */
| #include <ac_nonexistent.h>
configure:5361: checking for a BSD-compatible install
configure:5429: result: /opt/local/bin/ginstall -c
configure:5440: checking whether ln -s works
configure:5444: result: yes
configure:5451: checking whether make sets $(MAKE)
configure:5473: result: yes
configure:5483: checking for grep that handles long lines and -e
configure:5543: result: /usr/bin/grep
configure:5548: checking for egrep
configure:5612: result: /usr/bin/grep -E
configure:5617: checking for ANSI C header files
configure:5647: gcc -c -g -O2  conftest.c >&5
configure:5654: $? = 0
configure:5753: gcc -o conftest -g -O2   conftest.c  >&5
configure:5757: $? = 0
configure:5763: ./conftest
configure:5767: $? = 0
configure:5785: result: yes
configure:5801: checking build system type
configure:5819: result: i386-apple-darwin10.8.0
configure:5841: checking host system type
configure:5856: result: i386-apple-darwin10.8.0
configure:6206: checking for a sed that does not truncate output
configure:6272: result: /usr/bin/sed
configure:6290: checking for fgrep
configure:6354: result: /usr/bin/grep -F
configure:6389: checking for ld used by gcc
configure:6456: result: /usr/libexec/gcc/i686-apple-darwin10/4.2.1/ld
configure:6465: checking if the linker (/usr/libexec/gcc/i686-apple-darwin10/4.2.1/ld) is GNU ld
configure:6480: result: no
configure:6492: checking for BSD- or MS-compatible name lister (nm)
configure:6541: result: /usr/bin/nm
configure:6659: checking the name lister (/usr/bin/nm) interface
configure:6666: gcc -c -g -O2  conftest.c >&5
configure:6669: /usr/bin/nm "conftest.o"
configure:6672: output
00000000000001a4 D _some_variable
configure:6679: result: BSD nm
configure:6683: checking the maximum length of command line arguments
configure:6803: result: 196608
configure:6820: checking whether the shell understands some XSI constructs
configure:6830: result: yes
configure:6834: checking whether the shell understands "+="
configure:6840: result: yes
configure:6875: checking for /usr/libexec/gcc/i686-apple-darwin10/4.2.1/ld option to reload object files
configure:6882: result: -r
configure:6951: checking for objdump
configure:6978: result: objdump
configure:7007: checking how to recognize dependent libraries
configure:7203: result: pass_all
configure:7263: checking for ar
configure:7279: found /usr/bin/ar
configure:7290: result: ar
configure:7368: checking for strip
configure:7384: found /usr/bin/strip
configure:7395: result: strip
configure:7467: checking for ranlib
configure:7483: found /usr/bin/ranlib
configure:7494: result: ranlib
configure:7584: checking command to parse /usr/bin/nm output from gcc object
configure:7702: gcc -c -g -O2  conftest.c >&5
configure:7705: $? = 0
configure:7709: /usr/bin/nm conftest.o \| sed -n -e 's/^.*[	 ]\([BCDEGRST][BCDEGRST]*\)[	 ][	 ]*\([_A-Za-z][_A-Za-z0-9]*\)$/\1 \2 \2/p' \> conftest.nm
configure:7712: $? = 0
cannot find nm_test_var in conftest.nm
configure:7702: gcc -c -g -O2  conftest.c >&5
configure:7705: $? = 0
configure:7709: /usr/bin/nm conftest.o \| sed -n -e 's/^.*[	 ]\([BCDEGRST][BCDEGRST]*\)[	 ][	 ]*_\([_A-Za-z][_A-Za-z0-9]*\)$/\1 _\2 \2/p' \> conftest.nm
configure:7712: $? = 0
configure:7766: gcc -o conftest -g -O2   conftest.c conftstm.o >&5
configure:7769: $? = 0
configure:7807: result: ok
configure:8100: checking for dsymutil
configure:8116: found /usr/bin/dsymutil
configure:8127: result: dsymutil
configure:8192: checking for nmedit
configure:8208: found /usr/bin/nmedit
configure:8219: result: nmedit
configure:8284: checking for lipo
configure:8300: found /usr/bin/lipo
configure:8311: result: lipo
configure:8376: checking for otool
configure:8392: found /usr/bin/otool
configure:8403: result: otool
configure:8468: checking for otool64
configure:8498: result: no
configure:8543: checking for -single_module linker flag
gcc -g -O2  -o libconftest.dylib -dynamiclib -Wl,-single_module conftest.c
configure:8570: result: yes
configure:8572: checking for -exported_symbols_list linker flag
configure:8602: gcc -o conftest -g -O2   -Wl,-exported_symbols_list,conftest.sym conftest.c  >&5
configure:8609: $? = 0
configure:8631: result: yes
configure:8682: checking for sys/types.h
configure:8703: gcc -c -g -O2  conftest.c >&5
configure:8710: $? = 0
configure:8727: result: yes
configure:8682: checking for sys/stat.h
configure:8703: gcc -c -g -O2  conftest.c >&5
configure:8710: $? = 0
configure:8727: result: yes
configure:8682: checking for stdlib.h
configure:8703: gcc -c -g -O2  conftest.c >&5
configure:8710: $? = 0
configure:8727: result: yes
configure:8682: checking for string.h
configure:8703: gcc -c -g -O2  conftest.c >&5
configure:8710: $? = 0
configure:8727: result: yes
configure:8682: checking for memory.h
configure:8703: gcc -c -g -O2  conftest.c >&5
configure:8710: $? = 0
configure:8727: result: yes
configure:8682: checking for strings.h
configure:8703: gcc -c -g -O2  conftest.c >&5
configure:8710: $? = 0
configure:8727: result: yes
configure:8682: checking for inttypes.h
configure:8703: gcc -c -g -O2  conftest.c >&5
configure:8710: $? = 0
configure:8727: result: yes
configure:8682: checking for stdint.h
configure:8703: gcc -c -g -O2  conftest.c >&5
configure:8710: $? = 0
configure:8727: result: yes
configure:8682: checking for unistd.h
configure:8703: gcc -c -g -O2  conftest.c >&5
configure:8710: $? = 0
configure:8727: result: yes
configure:8745: checking for dlfcn.h
configure:8766: gcc -c -g -O2  conftest.c >&5
configure:8773: $? = 0
configure:8790: result: yes
configure:8917: checking for C++ compiler version
configure:8925: g++ --version >&5
i686-apple-darwin10-g++-4.2.1 (GCC) 4.2.1 (Apple Inc. build 5664)
Copyright (C) 2007 Free Software Foundation, Inc.
This is free software; see the source for copying conditions.  There is NO
warranty; not even for MERCHANTABILITY or FITNESS FOR A PARTICULAR PURPOSE.

configure:8929: $? = 0
configure:8936: g++ -v >&5
Using built-in specs.
Target: i686-apple-darwin10
Configured with: /var/tmp/gcc/gcc-5664~89/src/configure --disable-checking --enable-werror --prefix=/usr --mandir=/share/man --enable-languages=c,objc,c++,obj-c++ --program-transform-name=/^[cg][^.-]*$/s/$/-4.2/ --with-slibdir=/usr/lib --build=i686-apple-darwin10 --program-prefix=i686-apple-darwin10- --host=x86_64-apple-darwin10 --target=i686-apple-darwin10 --with-gxx-include-dir=/include/c++/4.2.1
Thread model: posix
gcc version 4.2.1 (Apple Inc. build 5664)
configure:8940: $? = 0
configure:8947: g++ -V >&5
g++-4.2: argument to `-V' is missing
configure:8951: $? = 1
configure:8954: checking whether we are using the GNU C++ compiler
configure:9007: result: yes
configure:9016: checking whether g++ accepts -g
configure:9154: result: yes
configure:9179: checking dependency style of g++
configure:9270: result: gcc3
configure:9293: checking how to run the C++ preprocessor
configure:9329: g++ -E  conftest.cpp
configure:9336: $? = 0
configure:9367: g++ -E  conftest.cpp
conftest.cpp:21:28: error: ac_nonexistent.h: No such file or directory
configure:9374: $? = 1
configure: failed program was:
| /* confdefs.h.  */
| #define PACKAGE_NAME ""
| #define PACKAGE_TARNAME ""
| #define PACKAGE_VERSION ""
| #define PACKAGE_STRING ""
| #define PACKAGE_BUGREPORT ""
| #define PACKAGE "link-grammar"
| #define VERSION "4.7.0"
| #define STDC_HEADERS 1
| #define HAVE_SYS_TYPES_H 1
| #define HAVE_SYS_STAT_H 1
| #define HAVE_STDLIB_H 1
| #define HAVE_STRING_H 1
| #define HAVE_MEMORY_H 1
| #define HAVE_STRINGS_H 1
| #define HAVE_INTTYPES_H 1
| #define HAVE_STDINT_H 1
| #define HAVE_UNISTD_H 1
| #define HAVE_DLFCN_H 1
| /* end confdefs.h.  */
| #include <ac_nonexistent.h>
configure:9407: result: g++ -E
configure:9436: g++ -E  conftest.cpp
configure:9443: $? = 0
configure:9474: g++ -E  conftest.cpp
conftest.cpp:21:28: error: ac_nonexistent.h: No such file or directory
configure:9481: $? = 1
configure: failed program was:
| /* confdefs.h.  */
| #define PACKAGE_NAME ""
| #define PACKAGE_TARNAME ""
| #define PACKAGE_VERSION ""
| #define PACKAGE_STRING ""
| #define PACKAGE_BUGREPORT ""
| #define PACKAGE "link-grammar"
| #define VERSION "4.7.0"
| #define STDC_HEADERS 1
| #define HAVE_SYS_TYPES_H 1
| #define HAVE_SYS_STAT_H 1
| #define HAVE_STDLIB_H 1
| #define HAVE_STRING_H 1
| #define HAVE_MEMORY_H 1
| #define HAVE_STRINGS_H 1
| #define HAVE_INTTYPES_H 1
| #define HAVE_STDINT_H 1
| #define HAVE_UNISTD_H 1
| #define HAVE_DLFCN_H 1
| /* end confdefs.h.  */
| #include <ac_nonexistent.h>
configure:9693: checking for objdir
configure:9708: result: .libs
configure:10000: checking if gcc supports -fno-rtti -fno-exceptions
configure:10018: gcc -c -g -O2  -fno-rtti -fno-exceptions conftest.c >&5
cc1: warning: command line option "-fno-rtti" is valid for C++/ObjC++ but not for C
configure:10022: $? = 0
configure:10035: result: no
configure:10055: checking for gcc option to produce PIC
configure:10327: result: -fno-common -DPIC
configure:10339: checking if gcc PIC flag -fno-common -DPIC works
configure:10357: gcc -c -g -O2  -fno-common -DPIC -DPIC conftest.c >&5
configure:10361: $? = 0
configure:10374: result: yes
configure:10398: checking if gcc static flag -static works
configure:10426: result: no
configure:10441: checking if gcc supports -c -o file.o
configure:10462: gcc -c -g -O2  -o out/conftest2.o conftest.c >&5
configure:10466: $? = 0
configure:10488: result: yes
configure:10496: checking if gcc supports -c -o file.o
configure:10543: result: yes
configure:10576: checking whether the gcc linker (/usr/libexec/gcc/i686-apple-darwin10/4.2.1/ld) supports shared libraries
configure:11651: result: yes
configure:11890: checking dynamic linker characteristics
configure:12585: result: darwin10.8.0 dyld
configure:12687: checking how to hardcode library paths into programs
configure:12712: result: immediate
configure:13545: checking whether stripping libraries is possible
configure:13559: result: yes
configure:13585: checking if libtool supports shared libraries
configure:13587: result: yes
configure:13590: checking whether to build shared libraries
configure:13611: result: yes
configure:13614: checking whether to build static libraries
configure:13618: result: yes
configure:13768: checking for ld used by g++
configure:13835: result: /usr/libexec/gcc/i686-apple-darwin10/4.2.1/ld
configure:13844: checking if the linker (/usr/libexec/gcc/i686-apple-darwin10/4.2.1/ld) is GNU ld
configure:13859: result: no
configure:13914: checking whether the g++ linker (/usr/libexec/gcc/i686-apple-darwin10/4.2.1/ld) supports shared libraries
configure:14889: result: yes
configure:14917: g++ -c -g -O2  conftest.cpp >&5
configure:14920: $? = 0
configure:15102: checking for g++ option to produce PIC
configure:15419: result: -fno-common -DPIC
configure:15428: checking if g++ PIC flag -fno-common -DPIC works
configure:15446: g++ -c -g -O2  -fno-common -DPIC -DPIC conftest.cpp >&5
configure:15450: $? = 0
configure:15463: result: yes
configure:15484: checking if g++ static flag -static works
configure:15512: result: no
configure:15524: checking if g++ supports -c -o file.o
configure:15545: g++ -c -g -O2  -o out/conftest2.o conftest.cpp >&5
configure:15549: $? = 0
configure:15571: result: yes
configure:15576: checking if g++ supports -c -o file.o
configure:15623: result: yes
configure:15653: checking whether the g++ linker (/usr/libexec/gcc/i686-apple-darwin10/4.2.1/ld) supports shared libraries
configure:15682: result: yes
configure:15819: checking dynamic linker characteristics
configure:16462: result: darwin10.8.0 dyld
configure:16513: checking how to hardcode library paths into programs
configure:16538: result: immediate
configure:16616: checking for /proc/self/maps
configure:16631: result: no
configure:16634: checking whether everything is installed to the same prefix
configure:16650: result: no
configure:16653: checking whether binary relocation support should be enabled
configure:16671: result: no
configure:16845: checking for pkg-config
configure:16863: found /opt/local/bin/pkg-config
configure:16875: result: /opt/local/bin/pkg-config
configure:16900: checking pkg-config is at least version 0.9.0
configure:16903: result: yes
configure:16913: checking for an ANSI C-conforming const
configure:16988: gcc -c -g -O2  conftest.c >&5
configure:16995: $? = 0
configure:17010: result: yes
configure:17025: checking for towupper
configure:17081: gcc -o conftest -g -O2   conftest.c  >&5
conftest.c:45: warning: conflicting types for built-in function 'towupper'
configure:17088: $? = 0
configure:17110: result: yes
configure:17124: checking for native Win32
configure:17134: result: no
configure:17595: checking for ASPELL
configure:17603: $PKG_CONFIG --exists --print-errors "aspell"
Package aspell was not found in the pkg-config search path.
Perhaps you should add the directory containing `aspell.pc'
to the PKG_CONFIG_PATH environment variable
No package 'aspell' found
configure:17606: $? = 1
configure:17621: $PKG_CONFIG --exists --print-errors "aspell"
Package aspell was not found in the pkg-config search path.
Perhaps you should add the directory containing `aspell.pc'
to the PKG_CONFIG_PATH environment variable
No package 'aspell' found
configure:17624: $? = 1
No package 'aspell' found
configure:17652: result: no
configure:17676: checking aspell.h usability
configure:17693: gcc -c -g -O2 -std=c99 -D_BSD_SOURCE -D_SVID_SOURCE -D_GNU_SOURCE   conftest.c >&5
conftest.c:57:20: error: aspell.h: No such file or directory
configure:17700: $? = 1
configure: failed program was:
| /* confdefs.h.  */
| #define PACKAGE_NAME ""
| #define PACKAGE_TARNAME ""
| #define PACKAGE_VERSION ""
| #define PACKAGE_STRING ""
| #define PACKAGE_BUGREPORT ""
| #define PACKAGE "link-grammar"
| #define VERSION "4.7.0"
| #define STDC_HEADERS 1
| #define HAVE_SYS_TYPES_H 1
| #define HAVE_SYS_STAT_H 1
| #define HAVE_STDLIB_H 1
| #define HAVE_STRING_H 1
| #define HAVE_MEMORY_H 1
| #define HAVE_STRINGS_H 1
| #define HAVE_INTTYPES_H 1
| #define HAVE_STDINT_H 1
| #define HAVE_UNISTD_H 1
| #define HAVE_DLFCN_H 1
| #define LT_OBJDIR ".libs/"
| #define HAVE_TOWUPPER 1
| #define DEBUG_MEMORY 0
| /* end confdefs.h.  */
| #include <stdio.h>
| #ifdef HAVE_SYS_TYPES_H
| # include <sys/types.h>
| #endif
| #ifdef HAVE_SYS_STAT_H
| # include <sys/stat.h>
| #endif
| #ifdef STDC_HEADERS
| # include <stdlib.h>
| # include <stddef.h>
| #else
| # ifdef HAVE_STDLIB_H
| #  include <stdlib.h>
| # endif
| #endif
| #ifdef HAVE_STRING_H
| # if !defined STDC_HEADERS && defined HAVE_MEMORY_H
| #  include <memory.h>
| # endif
| # include <string.h>
| #endif
| #ifdef HAVE_STRINGS_H
| # include <strings.h>
| #endif
| #ifdef HAVE_INTTYPES_H
| # include <inttypes.h>
| #endif
| #ifdef HAVE_STDINT_H
| # include <stdint.h>
| #endif
| #ifdef HAVE_UNISTD_H
| # include <unistd.h>
| #endif
| #include <aspell.h>
configure:17714: result: no
configure:17718: checking aspell.h presence
configure:17733: gcc -E   conftest.c
conftest.c:24:20: error: aspell.h: No such file or directory
configure:17740: $? = 1
configure: failed program was:
| /* confdefs.h.  */
| #define PACKAGE_NAME ""
| #define PACKAGE_TARNAME ""
| #define PACKAGE_VERSION ""
| #define PACKAGE_STRING ""
| #define PACKAGE_BUGREPORT ""
| #define PACKAGE "link-grammar"
| #define VERSION "4.7.0"
| #define STDC_HEADERS 1
| #define HAVE_SYS_TYPES_H 1
| #define HAVE_SYS_STAT_H 1
| #define HAVE_STDLIB_H 1
| #define HAVE_STRING_H 1
| #define HAVE_MEMORY_H 1
| #define HAVE_STRINGS_H 1
| #define HAVE_INTTYPES_H 1
| #define HAVE_STDINT_H 1
| #define HAVE_UNISTD_H 1
| #define HAVE_DLFCN_H 1
| #define LT_OBJDIR ".libs/"
| #define HAVE_TOWUPPER 1
| #define DEBUG_MEMORY 0
| /* end confdefs.h.  */
| #include <aspell.h>
configure:17754: result: no
configure:17782: checking for aspell.h
configure:17789: result: no
configure:17801: checking for new_aspell_config in -laspell
configure:17836: gcc -o conftest -g -O2 -std=c99 -D_BSD_SOURCE -D_SVID_SOURCE -D_GNU_SOURCE    conftest.c -laspell   >&5
ld: library not found for -laspell
collect2: ld returned 1 exit status
configure:17843: $? = 1
configure: failed program was:
| /* confdefs.h.  */
| #define PACKAGE_NAME ""
| #define PACKAGE_TARNAME ""
| #define PACKAGE_VERSION ""
| #define PACKAGE_STRING ""
| #define PACKAGE_BUGREPORT ""
| #define PACKAGE "link-grammar"
| #define VERSION "4.7.0"
| #define STDC_HEADERS 1
| #define HAVE_SYS_TYPES_H 1
| #define HAVE_SYS_STAT_H 1
| #define HAVE_STDLIB_H 1
| #define HAVE_STRING_H 1
| #define HAVE_MEMORY_H 1
| #define HAVE_STRINGS_H 1
| #define HAVE_INTTYPES_H 1
| #define HAVE_STDINT_H 1
| #define HAVE_UNISTD_H 1
| #define HAVE_DLFCN_H 1
| #define LT_OBJDIR ".libs/"
| #define HAVE_TOWUPPER 1
| #define DEBUG_MEMORY 0
| /* end confdefs.h.  */
| 
| /* Override any GCC internal prototype to avoid an error.
|    Use char because int might match the return type of a GCC
|    builtin and then its argument prototype would still apply.  */
| #ifdef __cplusplus
| extern "C"
| #endif
| char new_aspell_config ();
| int
| main ()
| {
| return new_aspell_config ();
|   ;
|   return 0;
| }
configure:17864: result: no
configure:17909: checking for HUNSPELL
configure:17917: $PKG_CONFIG --exists --print-errors "hunspell"
configure:17920: $? = 0
configure:17935: $PKG_CONFIG --exists --print-errors "hunspell"
configure:17938: $? = 0
configure:17974: result: yes
configure:17990: checking hunspell.h usability
configure:18007: gcc -c -g -O2 -std=c99 -D_BSD_SOURCE -D_SVID_SOURCE -D_GNU_SOURCE  -I/opt/local/include/hunspell   conftest.c >&5
configure:18014: $? = 0
configure:18028: result: yes
configure:18032: checking hunspell.h presence
configure:18047: gcc -E  -I/opt/local/include/hunspell   conftest.c
configure:18054: $? = 0
configure:18068: result: yes
configure:18096: checking for hunspell.h
configure:18103: result: yes
configure:18170: checking locale.h usability
configure:18187: gcc -c -g -O2 -std=c99 -D_BSD_SOURCE -D_SVID_SOURCE -D_GNU_SOURCE  conftest.c >&5
configure:18194: $? = 0
configure:18208: result: yes
configure:18212: checking locale.h presence
configure:18227: gcc -E  conftest.c
configure:18234: $? = 0
configure:18248: result: yes
configure:18276: checking for locale.h
configure:18285: result: yes
configure:18301: checking for LC_MESSAGES
configure:18327: gcc -o conftest -g -O2 -std=c99 -D_BSD_SOURCE -D_SVID_SOURCE -D_GNU_SOURCE   conftest.c  >&5
configure:18334: $? = 0
configure:18354: result: yes
configure:18368: checking for LIBEDIT
configure:18376: $PKG_CONFIG --exists --print-errors "libedit"
Package libedit was not found in the pkg-config search path.
Perhaps you should add the directory containing `libedit.pc'
to the PKG_CONFIG_PATH environment variable
No package 'libedit' found
configure:18379: $? = 1
configure:18394: $PKG_CONFIG --exists --print-errors "libedit"
Package libedit was not found in the pkg-config search path.
Perhaps you should add the directory containing `libedit.pc'
to the PKG_CONFIG_PATH environment variable
No package 'libedit' found
configure:18397: $? = 1
No package 'libedit' found
configure:18425: result: no
configure:18474: checking regex.h usability
configure:18491: gcc -c -g -O2 -std=c99 -D_BSD_SOURCE -D_SVID_SOURCE -D_GNU_SOURCE  conftest.c >&5
configure:18498: $? = 0
configure:18512: result: yes
configure:18516: checking regex.h presence
configure:18531: gcc -E  conftest.c
configure:18538: $? = 0
configure:18552: result: yes
configure:18580: checking for regex.h
configure:18587: result: yes
configure:18605: checking for regexec
configure:18661: gcc -o conftest -g -O2 -std=c99 -D_BSD_SOURCE -D_SVID_SOURCE -D_GNU_SOURCE   conftest.c  >&5
configure:18668: $? = 0
configure:18690: result: yes
configure:18797: checking for supported warning flags
configure:18819: checking whether gcc supports -Wall
configure:18834: gcc -c -g -O2 -std=c99 -D_BSD_SOURCE -D_SVID_SOURCE -D_GNU_SOURCE -Wall  conftest.c >&5
configure:18841: $? = 0
configure:18862: result: yes
configure:18819: checking whether gcc supports -Wextra
configure:18834: gcc -c -g -O2 -std=c99 -D_BSD_SOURCE -D_SVID_SOURCE -D_GNU_SOURCE -Wextra  conftest.c >&5
configure:18841: $? = 0
configure:18862: result: yes
configure:18819: checking whether gcc supports -Wsign-compare
configure:18834: gcc -c -g -O2 -std=c99 -D_BSD_SOURCE -D_SVID_SOURCE -D_GNU_SOURCE -Wsign-compare  conftest.c >&5
configure:18841: $? = 0
configure:18862: result: yes
configure:18819: checking whether gcc supports -Werror-implicit-function-declaration
configure:18834: gcc -c -g -O2 -std=c99 -D_BSD_SOURCE -D_SVID_SOURCE -D_GNU_SOURCE -Werror-implicit-function-declaration  conftest.c >&5
configure:18841: $? = 0
configure:18862: result: yes
configure:18819: checking whether gcc supports -Wpointer-arith
configure:18834: gcc -c -g -O2 -std=c99 -D_BSD_SOURCE -D_SVID_SOURCE -D_GNU_SOURCE -Wpointer-arith  conftest.c >&5
configure:18841: $? = 0
configure:18862: result: yes
configure:18819: checking whether gcc supports -Wwrite-strings
configure:18834: gcc -c -g -O2 -std=c99 -D_BSD_SOURCE -D_SVID_SOURCE -D_GNU_SOURCE -Wwrite-strings  conftest.c >&5
configure:18841: $? = 0
configure:18862: result: yes
configure:18819: checking whether gcc supports -Wstrict-prototypes
configure:18834: gcc -c -g -O2 -std=c99 -D_BSD_SOURCE -D_SVID_SOURCE -D_GNU_SOURCE -Wstrict-prototypes  conftest.c >&5
configure:18841: $? = 0
configure:18862: result: yes
configure:18819: checking whether gcc supports -Wmissing-prototypes
configure:18834: gcc -c -g -O2 -std=c99 -D_BSD_SOURCE -D_SVID_SOURCE -D_GNU_SOURCE -Wmissing-prototypes  conftest.c >&5
configure:18841: $? = 0
configure:18862: result: yes
configure:18819: checking whether gcc supports -Wmissing-declarations
configure:18834: gcc -c -g -O2 -std=c99 -D_BSD_SOURCE -D_SVID_SOURCE -D_GNU_SOURCE -Wmissing-declarations  conftest.c >&5
configure:18841: $? = 0
configure:18862: result: yes
configure:18819: checking whether gcc supports -Wnested-externs
configure:18834: gcc -c -g -O2 -std=c99 -D_BSD_SOURCE -D_SVID_SOURCE -D_GNU_SOURCE -Wnested-externs  conftest.c >&5
configure:18841: $? = 0
configure:18862: result: yes
configure:18819: checking whether gcc supports -Wpacked
configure:18834: gcc -c -g -O2 -std=c99 -D_BSD_SOURCE -D_SVID_SOURCE -D_GNU_SOURCE -Wpacked  conftest.c >&5
configure:18841: $? = 0
configure:18862: result: yes
configure:18819: checking whether gcc supports -Wswitch-enum
configure:18834: gcc -c -g -O2 -std=c99 -D_BSD_SOURCE -D_SVID_SOURCE -D_GNU_SOURCE -Wswitch-enum  conftest.c >&5
configure:18841: $? = 0
configure:18862: result: yes
configure:18819: checking whether gcc supports -Wmissing-format-attribute
configure:18834: gcc -c -g -O2 -std=c99 -D_BSD_SOURCE -D_SVID_SOURCE -D_GNU_SOURCE -Wmissing-format-attribute  conftest.c >&5
configure:18841: $? = 0
configure:18862: result: yes
configure:18819: checking whether gcc supports -Wstrict-aliasing=2
configure:18834: gcc -c -g -O2 -std=c99 -D_BSD_SOURCE -D_SVID_SOURCE -D_GNU_SOURCE -Wstrict-aliasing=2  conftest.c >&5
configure:18841: $? = 0
configure:18862: result: yes
configure:18819: checking whether gcc supports -Winit-self
configure:18834: gcc -c -g -O2 -std=c99 -D_BSD_SOURCE -D_SVID_SOURCE -D_GNU_SOURCE -Winit-self  conftest.c >&5
configure:18841: $? = 0
configure:18862: result: yes
configure:18819: checking whether gcc supports -Wunsafe-loop-optimizations
configure:18834: gcc -c -g -O2 -std=c99 -D_BSD_SOURCE -D_SVID_SOURCE -D_GNU_SOURCE -Wunsafe-loop-optimizations  conftest.c >&5
configure:18841: $? = 0
configure:18862: result: yes
configure:18819: checking whether gcc supports -Wdeclaration-after-statement
configure:18834: gcc -c -g -O2 -std=c99 -D_BSD_SOURCE -D_SVID_SOURCE -D_GNU_SOURCE -Wdeclaration-after-statement  conftest.c >&5
configure:18841: $? = 0
configure:18862: result: yes
configure:18819: checking whether gcc supports -Wold-style-definition
configure:18834: gcc -c -g -O2 -std=c99 -D_BSD_SOURCE -D_SVID_SOURCE -D_GNU_SOURCE -Wold-style-definition  conftest.c >&5
configure:18841: $? = 0
configure:18862: result: yes
configure:18819: checking whether gcc supports -Wno-missing-field-initializers
configure:18834: gcc -c -g -O2 -std=c99 -D_BSD_SOURCE -D_SVID_SOURCE -D_GNU_SOURCE -Wno-missing-field-initializers  conftest.c >&5
configure:18841: $? = 0
configure:18862: result: yes
configure:18819: checking whether gcc supports -Wno-unused-parameter
configure:18834: gcc -c -g -O2 -std=c99 -D_BSD_SOURCE -D_SVID_SOURCE -D_GNU_SOURCE -Wno-unused-parameter  conftest.c >&5
configure:18841: $? = 0
configure:18862: result: yes
configure:18819: checking whether gcc supports -Wno-attributes
configure:18834: gcc -c -g -O2 -std=c99 -D_BSD_SOURCE -D_SVID_SOURCE -D_GNU_SOURCE -Wno-attributes  conftest.c >&5
configure:18841: $? = 0
configure:18862: result: yes
configure:18819: checking whether gcc supports -Wno-long-long
configure:18834: gcc -c -g -O2 -std=c99 -D_BSD_SOURCE -D_SVID_SOURCE -D_GNU_SOURCE -Wno-long-long  conftest.c >&5
configure:18841: $? = 0
configure:18862: result: yes
configure:18819: checking whether gcc supports -Winline
configure:18834: gcc -c -g -O2 -std=c99 -D_BSD_SOURCE -D_SVID_SOURCE -D_GNU_SOURCE -Winline  conftest.c >&5
configure:18841: $? = 0
configure:18862: result: yes
configure:18870: checking which warning flags were supported
configure:18873: result:  -Wall -Wextra -Wsign-compare -Werror-implicit-function-declaration -Wpointer-arith -Wwrite-strings -Wstrict-prototypes -Wmissing-prototypes -Wmissing-declarations -Wnested-externs -Wpacked -Wswitch-enum -Wmissing-format-attribute -Wstrict-aliasing=2 -Winit-self -Wunsafe-loop-optimizations -Wdeclaration-after-statement -Wold-style-definition -Wno-missing-field-initializers -Wno-unused-parameter -Wno-attributes -Wno-long-long -Winline
configure:18888: checking whether gcc supports -fno-strict-aliasing
configure:18903: gcc -c -g -O2 -std=c99 -D_BSD_SOURCE -D_SVID_SOURCE -D_GNU_SOURCE -fno-strict-aliasing  conftest.c >&5
configure:18910: $? = 0
configure:18931: result: yes
configure:18969: checking for jni.h
configure:18984: gcc -E  conftest.c
conftest.c:29:17: error: jni.h: No such file or directory
configure:18991: $? = 1
configure: failed program was:
| /* confdefs.h.  */
| #define PACKAGE_NAME ""
| #define PACKAGE_TARNAME ""
| #define PACKAGE_VERSION ""
| #define PACKAGE_STRING ""
| #define PACKAGE_BUGREPORT ""
| #define PACKAGE "link-grammar"
| #define VERSION "4.7.0"
| #define STDC_HEADERS 1
| #define HAVE_SYS_TYPES_H 1
| #define HAVE_SYS_STAT_H 1
| #define HAVE_STDLIB_H 1
| #define HAVE_STRING_H 1
| #define HAVE_MEMORY_H 1
| #define HAVE_STRINGS_H 1
| #define HAVE_INTTYPES_H 1
| #define HAVE_STDINT_H 1
| #define HAVE_UNISTD_H 1
| #define HAVE_DLFCN_H 1
| #define LT_OBJDIR ".libs/"
| #define HAVE_TOWUPPER 1
| #define DEBUG_MEMORY 0
| #define HAVE_HUNSPELL 1
| #define HUNSPELL_DICT_DIR "/usr/share/myspell/dicts"
| #define HAVE_LOCALE_H 1
| #define HAVE_LC_MESSAGES 1
| #define HAVE_REGEXEC 1
| /* end confdefs.h.  */
| #include <jni.h>
configure:19006: WARNING: Can't find jni.h header in standard locations, trying again with         -I /include       -I /include/linux       -I /Headers       -I /include       -I /include/freebsd       -I /include/linux       -I /Headers       -I/usr/include/classpath/       -I/usr/local/jdk1.6.0/include/      -I/usr/local/jdk1.6.0/include/freebsd       -I/usr/local/jdk1.6.0/include/linux       -I/usr/lib/jvm/java-6-sun/include/       -I/usr/lib/jvm/java-6-sun/include/freebsd       -I/usr/lib/jvm/java-6-sun/include/linux       -I/usr/lib/j2sdk1.6-ibm/include       -I/usr/lib/j2sdk1.6-ibm/include/freebsd       -I/usr/lib/j2sdk1.6-ibm/include/linux       -I/opt/jdk1.5/include/       -I/opt/jdk1.5/include/freebsd       -I/opt/jdk1.5/include/linux       -I/usr/lib/jvm/java-1.5.0-sun-1.5.0.15/include       -I/usr/lib/jvm/java-1.5.0-sun-1.5.0.15/include/freebsd       -I/usr/lib/jvm/java-1.5.0-sun-1.5.0.15/include/linux       -I/c/java/jdk1.6.0/include/       -I/c/java/jdk1.6.0/include/win32/       -I/Developer/SDKs/MacOSX10.5.sdk/System/Library/Frameworks/JavaVM.framework/Headers/       -I/Developer/SDKs/MacOSX10.4u.sdk/System/Library/Frameworks/JavaVM.framework/Headers/ 
configure:19021: gcc -E         -I /include       -I /include/linux       -I /Headers       -I /include       -I /include/freebsd       -I /include/linux       -I /Headers       -I/usr/include/classpath/       -I/usr/local/jdk1.6.0/include/      -I/usr/local/jdk1.6.0/include/freebsd       -I/usr/local/jdk1.6.0/include/linux       -I/usr/lib/jvm/java-6-sun/include/       -I/usr/lib/jvm/java-6-sun/include/freebsd       -I/usr/lib/jvm/java-6-sun/include/linux       -I/usr/lib/j2sdk1.6-ibm/include       -I/usr/lib/j2sdk1.6-ibm/include/freebsd       -I/usr/lib/j2sdk1.6-ibm/include/linux       -I/opt/jdk1.5/include/       -I/opt/jdk1.5/include/freebsd       -I/opt/jdk1.5/include/linux       -I/usr/lib/jvm/java-1.5.0-sun-1.5.0.15/include       -I/usr/lib/jvm/java-1.5.0-sun-1.5.0.15/include/freebsd       -I/usr/lib/jvm/java-1.5.0-sun-1.5.0.15/include/linux       -I/c/java/jdk1.6.0/include/       -I/c/java/jdk1.6.0/include/win32/       -I/Developer/SDKs/MacOSX10.5.sdk/System/Library/Frameworks/JavaVM.framework/Headers/       -I/Developer/SDKs/MacOSX10.4u.sdk/System/Library/Frameworks/JavaVM.framework/Headers/  conftest.c
configure:19028: $? = 0
configure:19033: result: yes, will build java libs
configure:19369: creating ./config.status

## ---------------------- ##
## Running config.status. ##
## ---------------------- ##

This file was extended by config.status, which was
generated by GNU Autoconf 2.63.  Invocation command line was

  CONFIG_FILES    = 
  CONFIG_HEADERS  = 
  CONFIG_LINKS    = 
  CONFIG_COMMANDS = 
  $ ./config.status 

on gary-urtons-macbook.local

config.status:1040: creating Makefile
config.status:1040: creating build.xml
config.status:1040: creating link-grammar.pc
config.status:1040: creating link-grammar.spec
config.status:1040: creating link-grammar/Makefile
config.status:1040: creating link-grammar/corpus/Makefile
config.status:1040: creating link-grammar/minisat/Makefile
config.status:1040: creating link-grammar/sat-solver/Makefile
config.status:1040: creating link-grammar/link-features.h
config.status:1040: creating data/Makefile
config.status:1040: creating data/de/Makefile
config.status:1040: creating data/en/Makefile
config.status:1040: creating data/en/words/Makefile
config.status:1040: creating data/lt/Makefile
config.status:1040: creating man/Makefile
config.status:1040: creating autopackage/default.apspec
config.status:1040: creating link-grammar.xcode/Makefile
config.status:1040: creating msvc6/Makefile
config.status:1040: creating msvc6/link_grammar_dll/Makefile
config.status:1040: creating msvc6/link_grammar_exe/Makefile
config.status:1040: creating msvc6/link_grammar_java_dll/Makefile
config.status:1040: creating msvc9/Makefile
config.status:1251: executing depfiles commands
config.status:1251: executing libtool commands

## ---------------- ##
## Cache variables. ##
## ---------------- ##

ac_cv_build=i386-apple-darwin10.8.0
ac_cv_c_compiler_gnu=yes
ac_cv_c_const=yes
ac_cv_cxx_compiler_gnu=yes
ac_cv_env_ASPELL_CFLAGS_set=
ac_cv_env_ASPELL_CFLAGS_value=
ac_cv_env_ASPELL_LIBS_set=
ac_cv_env_ASPELL_LIBS_value=
ac_cv_env_CCC_set=
ac_cv_env_CCC_value=
ac_cv_env_CC_set=
ac_cv_env_CC_value=
ac_cv_env_CFLAGS_set=
ac_cv_env_CFLAGS_value=
ac_cv_env_CPPFLAGS_set=
ac_cv_env_CPPFLAGS_value=
ac_cv_env_CPP_set=
ac_cv_env_CPP_value=
ac_cv_env_CXXCPP_set=
ac_cv_env_CXXCPP_value=
ac_cv_env_CXXFLAGS_set=
ac_cv_env_CXXFLAGS_value=
ac_cv_env_CXX_set=
ac_cv_env_CXX_value=
ac_cv_env_HUNSPELL_CFLAGS_set=
ac_cv_env_HUNSPELL_CFLAGS_value=
ac_cv_env_HUNSPELL_LIBS_set=
ac_cv_env_HUNSPELL_LIBS_value=
ac_cv_env_LDFLAGS_set=
ac_cv_env_LDFLAGS_value=
ac_cv_env_LIBEDIT_CFLAGS_set=
ac_cv_env_LIBEDIT_CFLAGS_value=
ac_cv_env_LIBEDIT_LIBS_set=
ac_cv_env_LIBEDIT_LIBS_value=
ac_cv_env_LIBS_set=
ac_cv_env_LIBS_value=
ac_cv_env_PKG_CONFIG_set=
ac_cv_env_PKG_CONFIG_value=
ac_cv_env_SQLITE3_CFLAGS_set=
ac_cv_env_SQLITE3_CFLAGS_value=
ac_cv_env_SQLITE3_LIBS_set=
ac_cv_env_SQLITE3_LIBS_value=
ac_cv_env_build_alias_set=
ac_cv_env_build_alias_value=
ac_cv_env_host_alias_set=
ac_cv_env_host_alias_value=
ac_cv_env_target_alias_set=
ac_cv_env_target_alias_value=
ac_cv_file__proc_self_maps=no
ac_cv_func_regexec=yes
ac_cv_func_towupper=yes
ac_cv_header_aspell_h=no
ac_cv_header_dlfcn_h=yes
ac_cv_header_hunspell_h=yes
ac_cv_header_inttypes_h=yes
ac_cv_header_locale_h=yes
ac_cv_header_memory_h=yes
ac_cv_header_regex_h=yes
ac_cv_header_stdc=yes
ac_cv_header_stdint_h=yes
ac_cv_header_stdlib_h=yes
ac_cv_header_string_h=yes
ac_cv_header_strings_h=yes
ac_cv_header_sys_stat_h=yes
ac_cv_header_sys_types_h=yes
ac_cv_header_unistd_h=yes
ac_cv_host=i386-apple-darwin10.8.0
ac_cv_lib_aspell_new_aspell_config=no
ac_cv_objext=o
ac_cv_path_EGREP='/usr/bin/grep -E'
ac_cv_path_FGREP='/usr/bin/grep -F'
ac_cv_path_GREP=/usr/bin/grep
ac_cv_path_SED=/usr/bin/sed
ac_cv_path_ac_pt_PKG_CONFIG=/opt/local/bin/pkg-config
ac_cv_path_install='/opt/local/bin/ginstall -c'
ac_cv_path_mkdir=/opt/local/bin/gmkdir
ac_cv_prog_AWK=awk
ac_cv_prog_CPP='gcc -E'
ac_cv_prog_CXXCPP='g++ -E'
ac_cv_prog_ac_ct_AR=ar
ac_cv_prog_ac_ct_CC=gcc
ac_cv_prog_ac_ct_CXX=g++
ac_cv_prog_ac_ct_DSYMUTIL=dsymutil
ac_cv_prog_ac_ct_LIPO=lipo
ac_cv_prog_ac_ct_NMEDIT=nmedit
ac_cv_prog_ac_ct_OBJDUMP=objdump
ac_cv_prog_ac_ct_OTOOL=otool
ac_cv_prog_ac_ct_RANLIB=ranlib
ac_cv_prog_ac_ct_STRIP=strip
ac_cv_prog_cc_c89=
ac_cv_prog_cc_g=yes
ac_cv_prog_cxx_g=yes
ac_cv_prog_make_make_set=yes
ac_cv_search_strerror='none required'
am_cv_CC_dependencies_compiler_type=gcc3
am_cv_CXX_dependencies_compiler_type=gcc3
am_cv_val_LC_MESSAGES=yes
br_cv_binreloc=no
br_cv_valid_prefixes=no
link_cv_warn_cflags=' -Wall -Wextra -Wsign-compare -Werror-implicit-function-declaration -Wpointer-arith -Wwrite-strings -Wstrict-prototypes -Wmissing-prototypes -Wmissing-declarations -Wnested-externs -Wpacked -Wswitch-enum -Wmissing-format-attribute -Wstrict-aliasing=2 -Winit-self -Wunsafe-loop-optimizations -Wdeclaration-after-statement -Wold-style-definition -Wno-missing-field-initializers -Wno-unused-parameter -Wno-attributes -Wno-long-long -Winline'
link_cv_warn_maybe='-Wall -Wextra -Wsign-compare -Werror-implicit-function-declaration -Wpointer-arith -Wwrite-strings -Wstrict-prototypes -Wmissing-prototypes -Wmissing-declarations -Wnested-externs -Wpacked -Wswitch-enum -Wmissing-format-attribute -Wstrict-aliasing=2 -Winit-self -Wunsafe-loop-optimizations -Wdeclaration-after-statement -Wold-style-definition -Wno-missing-field-initializers -Wno-unused-parameter -Wno-attributes -Wno-long-long -Winline'
lt_cv_apple_cc_single_mod=yes
lt_cv_deplibs_check_method=pass_all
lt_cv_file_magic_cmd='$MAGIC_CMD'
lt_cv_file_magic_test_file=
lt_cv_ld_exported_symbols_list=yes
lt_cv_ld_reload_flag=-r
lt_cv_nm_interface='BSD nm'
lt_cv_objdir=.libs
lt_cv_path_LD=/usr/libexec/gcc/i686-apple-darwin10/4.2.1/ld
lt_cv_path_LDCXX=/usr/libexec/gcc/i686-apple-darwin10/4.2.1/ld
lt_cv_path_NM=/usr/bin/nm
lt_cv_prog_compiler_c_o=yes
lt_cv_prog_compiler_c_o_CXX=yes
lt_cv_prog_compiler_pic_works=yes
lt_cv_prog_compiler_pic_works_CXX=yes
lt_cv_prog_compiler_rtti_exceptions=no
lt_cv_prog_compiler_static_works=no
lt_cv_prog_compiler_static_works_CXX=no
lt_cv_prog_gnu_ld=no
lt_cv_prog_gnu_ldcxx=no
lt_cv_sys_global_symbol_pipe='sed -n -e '\''s/^.*[	 ]\([BCDEGRST][BCDEGRST]*\)[	 ][	 ]*_\([_A-Za-z][_A-Za-z0-9]*\)$/\1 _\2 \2/p'\'''
lt_cv_sys_global_symbol_to_c_name_address='sed -n -e '\''s/^: \([^ ]*\) $/  {\"\1\", (void *) 0},/p'\'' -e '\''s/^[BCDEGRST]* \([^ ]*\) \([^ ]*\)$/  {"\2", (void *) \&\2},/p'\'''
lt_cv_sys_global_symbol_to_c_name_address_lib_prefix='sed -n -e '\''s/^: \([^ ]*\) $/  {\"\1\", (void *) 0},/p'\'' -e '\''s/^[BCDEGRST]* \([^ ]*\) \(lib[^ ]*\)$/  {"\2", (void *) \&\2},/p'\'' -e '\''s/^[BCDEGRST]* \([^ ]*\) \([^ ]*\)$/  {"lib\2", (void *) \&\2},/p'\'''
lt_cv_sys_global_symbol_to_cdecl='sed -n -e '\''s/^T .* \(.*\)$/extern int \1();/p'\'' -e '\''s/^[BCDEGRST]* .* \(.*\)$/extern char \1;/p'\'''
lt_cv_sys_max_cmd_len=196608
pkg_cv_HUNSPELL_CFLAGS='-I/opt/local/include/hunspell  '
pkg_cv_HUNSPELL_LIBS='-L/opt/local/lib -lhunspell-1.2  '

## ----------------- ##
## Output variables. ##
## ----------------- ##

ACLOCAL='${SHELL} /Users/jasonurton/Documents/rails_projects/wikiscrape/link-grammar-4.7.0/missing --run aclocal-1.10'
AMDEPBACKSLASH='\'
AMDEP_FALSE='#'
AMDEP_TRUE=''
AMTAR='${SHELL} /Users/jasonurton/Documents/rails_projects/wikiscrape/link-grammar-4.7.0/missing --run tar'
AR='ar'
AS='as'
ASPELL_CFLAGS=''
ASPELL_LIBS=''
AUTOCONF='${SHELL} /Users/jasonurton/Documents/rails_projects/wikiscrape/link-grammar-4.7.0/missing --run autoconf'
AUTOHEADER='${SHELL} /Users/jasonurton/Documents/rails_projects/wikiscrape/link-grammar-4.7.0/missing --run autoheader'
AUTOMAKE='${SHELL} /Users/jasonurton/Documents/rails_projects/wikiscrape/link-grammar-4.7.0/missing --run automake-1.10'
AWK='awk'
BINRELOC_CFLAGS=''
BINRELOC_LIBS=''
CC='gcc'
CCDEPMODE='depmode=gcc3'
CFLAGS='-g -O2 -std=c99 -D_BSD_SOURCE -D_SVID_SOURCE -D_GNU_SOURCE'
CPP='gcc -E'
CPPFLAGS='        -I /include       -I /include/linux       -I /Headers       -I /include       -I /include/freebsd       -I /include/linux       -I /Headers       -I/usr/include/classpath/       -I/usr/local/jdk1.6.0/include/      -I/usr/local/jdk1.6.0/include/freebsd       -I/usr/local/jdk1.6.0/include/linux       -I/usr/lib/jvm/java-6-sun/include/       -I/usr/lib/jvm/java-6-sun/include/freebsd       -I/usr/lib/jvm/java-6-sun/include/linux       -I/usr/lib/j2sdk1.6-ibm/include       -I/usr/lib/j2sdk1.6-ibm/include/freebsd       -I/usr/lib/j2sdk1.6-ibm/include/linux       -I/opt/jdk1.5/include/       -I/opt/jdk1.5/include/freebsd       -I/opt/jdk1.5/include/linux       -I/usr/lib/jvm/java-1.5.0-sun-1.5.0.15/include       -I/usr/lib/jvm/java-1.5.0-sun-1.5.0.15/include/freebsd       -I/usr/lib/jvm/java-1.5.0-sun-1.5.0.15/include/linux       -I/c/java/jdk1.6.0/include/       -I/c/java/jdk1.6.0/include/win32/       -I/Developer/SDKs/MacOSX10.5.sdk/System/Library/Frameworks/JavaVM.framework/Headers/       -I/Developer/SDKs/MacOSX10.4u.sdk/System/Library/Frameworks/JavaVM.framework/Headers/ '
CXX='g++'
CXXCPP='g++ -E'
CXXDEPMODE='depmode=gcc3'
CXXFLAGS='-g -O2'
CYGPATH_W='echo'
DEFS='-DPACKAGE_NAME=\"\" -DPACKAGE_TARNAME=\"\" -DPACKAGE_VERSION=\"\" -DPACKAGE_STRING=\"\" -DPACKAGE_BUGREPORT=\"\" -DPACKAGE=\"link-grammar\" -DVERSION=\"4.7.0\" -DSTDC_HEADERS=1 -DHAVE_SYS_TYPES_H=1 -DHAVE_SYS_STAT_H=1 -DHAVE_STDLIB_H=1 -DHAVE_STRING_H=1 -DHAVE_MEMORY_H=1 -DHAVE_STRINGS_H=1 -DHAVE_INTTYPES_H=1 -DHAVE_STDINT_H=1 -DHAVE_UNISTD_H=1 -DHAVE_DLFCN_H=1 -DLT_OBJDIR=\".libs/\" -DHAVE_TOWUPPER=1 -DDEBUG_MEMORY=0 -DHAVE_HUNSPELL=1 -DHUNSPELL_DICT_DIR=\"/usr/share/myspell/dicts\" -DHAVE_LOCALE_H=1 -DHAVE_LC_MESSAGES=1 -DHAVE_REGEXEC=1'
DEPDIR='.deps'
DLLTOOL='dlltool'
DSYMUTIL='dsymutil'
DUMPBIN=''
ECHO_C='\c'
ECHO_N=''
ECHO_T=''
EGREP='/usr/bin/grep -E'
EXEEXT=''
FGREP='/usr/bin/grep -F'
GREP='/usr/bin/grep'
HAVE_ASPELL_FALSE=''
HAVE_ASPELL_TRUE='#'
HAVE_EDITLINE_FALSE=''
HAVE_EDITLINE_TRUE='#'
HAVE_HUNSPELL_FALSE='#'
HAVE_HUNSPELL_TRUE=''
HAVE_JAVA_FALSE='#'
HAVE_JAVA_TRUE=''
HAVE_SQLITE_FALSE=''
HAVE_SQLITE_TRUE='#'
HUNSPELL_CFLAGS='-I/opt/local/include/hunspell  '
HUNSPELL_LIBS='-L/opt/local/lib -lhunspell-1.2  '
INSTALL_DATA='${INSTALL} -m 644'
INSTALL_PROGRAM='${INSTALL}'
INSTALL_SCRIPT='${INSTALL}'
INSTALL_STRIP_PROGRAM='$(install_sh) -c -s'
LD='/usr/libexec/gcc/i686-apple-darwin10/4.2.1/ld'
LDFLAGS=''
LIBEDIT_CFLAGS=''
LIBEDIT_LIBS=''
LIBOBJS=''
LIBS=''
LIBTOOL='$(SHELL) $(top_builddir)/libtool'
LINK_CFLAGS='  -Wall -Wextra -Wsign-compare -Werror-implicit-function-declaration -Wpointer-arith -Wwrite-strings -Wstrict-prototypes -Wmissing-prototypes -Wmissing-declarations -Wnested-externs -Wpacked -Wswitch-enum -Wmissing-format-attribute -Wstrict-aliasing=2 -Winit-self -Wunsafe-loop-optimizations -Wdeclaration-after-statement -Wold-style-definition -Wno-missing-field-initializers -Wno-unused-parameter -Wno-attributes -Wno-long-long -Winline -fno-strict-aliasing'
LINK_MAJOR_VERSION='4'
LINK_MICRO_VERSION='0'
LINK_MINOR_VERSION='7'
LIPO='lipo'
LN_S='ln -s'
LTLIBOBJS=''
MAINT='#'
MAINTAINER_MODE_FALSE=''
MAINTAINER_MODE_TRUE='#'
MAKEINFO='${SHELL} /Users/jasonurton/Documents/rails_projects/wikiscrape/link-grammar-4.7.0/missing --run makeinfo'
MKDIR_P='/opt/local/bin/gmkdir -p'
NM='/usr/bin/nm'
NMEDIT='nmedit'
OBJDUMP='objdump'
OBJEXT='o'
OS_WIN32_FALSE=''
OS_WIN32_TRUE='#'
OTOOL64=':'
OTOOL='otool'
PACKAGE='link-grammar'
PACKAGE_BUGREPORT=''
PACKAGE_NAME=''
PACKAGE_STRING=''
PACKAGE_TARNAME=''
PACKAGE_VERSION=''
PATH_SEPARATOR=':'
PKG_CONFIG='/opt/local/bin/pkg-config'
RANLIB='ranlib'
REGEX_LIBS=''
SED='/usr/bin/sed'
SET_MAKE=''
SHELL='/bin/sh'
SQLITE3_CFLAGS=''
SQLITE3_LIBS=''
STRIP='strip'
VERSION='4.7.0'
VERSION_INFO='11:0:7'
WITH_ASPELL_FALSE='#'
WITH_ASPELL_TRUE=''
WITH_BINRELOC_FALSE=''
WITH_BINRELOC_TRUE='#'
WITH_CORPUS_FALSE=''
WITH_CORPUS_TRUE='#'
WITH_HUNSPELL_FALSE='#'
WITH_HUNSPELL_TRUE=''
WITH_PTHREADS_FALSE=''
WITH_PTHREADS_TRUE='#'
WITH_SAT_SOLVER_FALSE=''
WITH_SAT_SOLVER_TRUE='#'
ac_ct_CC='gcc'
ac_ct_CXX='g++'
ac_ct_DUMPBIN=''
am__fastdepCC_FALSE='#'
am__fastdepCC_TRUE=''
am__fastdepCXX_FALSE='#'
am__fastdepCXX_TRUE=''
am__include='include'
am__isrc=''
am__leading_dot='.'
am__quote=''
am__tar='${AMTAR} chof - "$$tardir"'
am__untar='${AMTAR} xf -'
bindir='${exec_prefix}/bin'
build='i386-apple-darwin10.8.0'
build_alias=''
build_cpu='i386'
build_os='darwin10.8.0'
build_vendor='apple'
datadir='${datarootdir}'
datarootdir='${prefix}/share'
docdir='${datarootdir}/doc/${PACKAGE}'
dvidir='${docdir}'
exec_prefix='${prefix}'
host='i386-apple-darwin10.8.0'
host_alias=''
host_cpu='i386'
host_os='darwin10.8.0'
host_vendor='apple'
htmldir='${docdir}'
includedir='${prefix}/include'
infodir='${datarootdir}/info'
install_sh='$(SHELL) /Users/jasonurton/Documents/rails_projects/wikiscrape/link-grammar-4.7.0/install-sh'
libdir='${exec_prefix}/lib'
libexecdir='${exec_prefix}/libexec'
localedir='${datarootdir}/locale'
localstatedir='${prefix}/var'
lt_ECHO='/bin/echo'
mandir='${datarootdir}/man'
mkdir_p='/opt/local/bin/gmkdir -p'
oldincludedir='/usr/include'
pdfdir='${docdir}'
prefix='/usr/local'
program_transform_name='s,x,x,'
psdir='${docdir}'
sbindir='${exec_prefix}/sbin'
sharedstatedir='${prefix}/com'
sysconfdir='${prefix}/etc'
target_alias=''

## ----------- ##
## confdefs.h. ##
## ----------- ##

#define PACKAGE_NAME ""
#define PACKAGE_TARNAME ""
#define PACKAGE_VERSION ""
#define PACKAGE_STRING ""
#define PACKAGE_BUGREPORT ""
#define PACKAGE "link-grammar"
#define VERSION "4.7.0"
#define STDC_HEADERS 1
#define HAVE_SYS_TYPES_H 1
#define HAVE_SYS_STAT_H 1
#define HAVE_STDLIB_H 1
#define HAVE_STRING_H 1
#define HAVE_MEMORY_H 1
#define HAVE_STRINGS_H 1
#define HAVE_INTTYPES_H 1
#define HAVE_STDINT_H 1
#define HAVE_UNISTD_H 1
#define HAVE_DLFCN_H 1
#define LT_OBJDIR ".libs/"
#define HAVE_TOWUPPER 1
#define DEBUG_MEMORY 0
#define HAVE_HUNSPELL 1
#define HUNSPELL_DICT_DIR "/usr/share/myspell/dicts"
#define HAVE_LOCALE_H 1
#define HAVE_LC_MESSAGES 1
#define HAVE_REGEXEC 1

configure: exit 0
